<?xml version="1.0" encoding="UTF-8"?>
<!-- Generated by org.testng.reporters.JUnitReportReporter -->
<testsuite hostname="LAPTOP-2363VGBI" failures="0" tests="1" name="com.banking.TestCases.TC_LoginTestFlipkart_001" time="14.831" errors="0" timestamp="2022-03-22T20:40:31 IST" skipped="0">
  <testcase classname="com.banking.TestCases.TC_LoginTestFlipkart_001" name="loginTest" time="14.831"/>
  <system-out/>
</testsuite> <!-- com.banking.TestCases.TC_LoginTestFlipkart_001 -->
