<?xml version="1.0" encoding="UTF-8"?>
<!-- Generated by org.testng.reporters.JUnitReportReporter -->
<testsuite hostname="LAPTOP-2363VGBI" failures="0" tests="1" name="com.ecommerce.TestCases.TC_Login_001" time="15.223" errors="0" timestamp="2022-03-23T10:26:51 IST" skipped="0">
  <testcase classname="com.ecommerce.TestCases.TC_Login_001" name="LoginTest" time="15.223"/>
  <system-out/>
</testsuite> <!-- com.ecommerce.TestCases.TC_Login_001 -->
