<?xml version="1.0" encoding="UTF-8"?>
<!-- Generated by org.testng.reporters.JUnitReportReporter -->
<testsuite hostname="LAPTOP-2363VGBI" failures="0" tests="1" name="com.banking.TestCases.TC_LoginTest_001" time="8.139" errors="0" timestamp="2022-03-20T00:25:01 IST" skipped="0">
  <testcase classname="com.banking.TestCases.TC_LoginTest_001" name="loginTest" time="8.139"/>
  <system-out/>
</testsuite> <!-- com.banking.TestCases.TC_LoginTest_001 -->
