<?xml version="1.0" encoding="UTF-8"?>
<!-- Generated by org.testng.reporters.JUnitReportReporter -->
<testsuite hostname="LAPTOP-2363VGBI" failures="0" tests="1" name="com.banking.TestData.DropdownPractice" time="17.661" errors="0" timestamp="2022-04-20T18:03:55 IST" skipped="0">
  <testcase classname="com.banking.TestData.DropdownPractice" name="setup" time="17.661"/>
  <system-out/>
</testsuite> <!-- com.banking.TestData.DropdownPractice -->
