<?xml version="1.0" encoding="UTF-8"?>
<!-- Generated by org.testng.reporters.JUnitReportReporter -->
<testsuite hostname="LAPTOP-2363VGBI" failures="0" tests="1" name="com.ecommerce.TestCases.TC_AddNewCustTest_002" time="21.323" errors="0" timestamp="2022-03-23T12:18:23 IST" skipped="0">
  <testcase classname="com.ecommerce.TestCases.TC_AddNewCustTest_002" name="addnewCustomer" time="21.323"/>
  <system-out/>
</testsuite> <!-- com.ecommerce.TestCases.TC_AddNewCustTest_002 -->
